TimeQuest Timing Analyzer report for pseudo_mux
Mon Sep 25 20:58:54 2023
Quartus II 32-bit Version 13.0.1 Build 232 06/12/2013 Service Pack 1 SJ Web Edition


---------------------
; Table of Contents ;
---------------------
  1. Legal Notice
  2. TimeQuest Timing Analyzer Summary
  3. Parallel Compilation
  4. Clocks
  5. Slow Model Fmax Summary
  6. Slow Model Setup Summary
  7. Slow Model Hold Summary
  8. Slow Model Recovery Summary
  9. Slow Model Removal Summary
 10. Slow Model Minimum Pulse Width Summary
 11. Slow Model Setup: 'S'
 12. Slow Model Setup: 'CLOCK'
 13. Slow Model Hold: 'CLOCK'
 14. Slow Model Hold: 'S'
 15. Slow Model Minimum Pulse Width: 'CLOCK'
 16. Slow Model Minimum Pulse Width: 'S'
 17. Clock to Output Times
 18. Minimum Clock to Output Times
 19. Propagation Delay
 20. Minimum Propagation Delay
 21. Fast Model Setup Summary
 22. Fast Model Hold Summary
 23. Fast Model Recovery Summary
 24. Fast Model Removal Summary
 25. Fast Model Minimum Pulse Width Summary
 26. Fast Model Setup: 'S'
 27. Fast Model Setup: 'CLOCK'
 28. Fast Model Hold: 'CLOCK'
 29. Fast Model Hold: 'S'
 30. Fast Model Minimum Pulse Width: 'CLOCK'
 31. Fast Model Minimum Pulse Width: 'S'
 32. Clock to Output Times
 33. Minimum Clock to Output Times
 34. Propagation Delay
 35. Minimum Propagation Delay
 36. Multicorner Timing Analysis Summary
 37. Clock to Output Times
 38. Minimum Clock to Output Times
 39. Progagation Delay
 40. Minimum Progagation Delay
 41. Setup Transfers
 42. Hold Transfers
 43. Report TCCS
 44. Report RSKM
 45. Unconstrained Paths
 46. TimeQuest Timing Analyzer Messages



----------------
; Legal Notice ;
----------------
Copyright (C) 1991-2013 Altera Corporation
Your use of Altera Corporation's design tools, logic functions 
and other software and tools, and its AMPP partner logic 
functions, and any output files from any of the foregoing 
(including device programming or simulation files), and any 
associated documentation or information are expressly subject 
to the terms and conditions of the Altera Program License 
Subscription Agreement, Altera MegaCore Function License 
Agreement, or other applicable license agreement, including, 
without limitation, that your use is for the sole purpose of 
programming logic devices manufactured by Altera and sold by 
Altera or its authorized distributors.  Please refer to the 
applicable agreement for further details.



+----------------------------------------------------------------------------------------+
; TimeQuest Timing Analyzer Summary                                                      ;
+--------------------+-------------------------------------------------------------------+
; Quartus II Version ; Version 13.0.1 Build 232 06/12/2013 Service Pack 1 SJ Web Edition ;
; Revision Name      ; pseudo_mux                                                        ;
; Device Family      ; Cyclone II                                                        ;
; Device Name        ; EP2C35F672C6                                                      ;
; Timing Models      ; Final                                                             ;
; Delay Model        ; Combined                                                          ;
; Rise/Fall Delays   ; Unavailable                                                       ;
+--------------------+-------------------------------------------------------------------+


Parallel compilation was disabled, but you have multiple processors available. Enable parallel compilation to reduce compilation time.
+-------------------------------------+
; Parallel Compilation                ;
+----------------------------+--------+
; Processors                 ; Number ;
+----------------------------+--------+
; Number detected on machine ; 8      ;
; Maximum allowed            ; 1      ;
+----------------------------+--------+


+-----------------------------------------------------------------------------------------------------------------------------------------------------------------------------------+
; Clocks                                                                                                                                                                            ;
+------------+------+--------+------------+-------+-------+------------+-----------+-------------+-------+--------+-----------+------------+----------+--------+--------+-----------+
; Clock Name ; Type ; Period ; Frequency  ; Rise  ; Fall  ; Duty Cycle ; Divide by ; Multiply by ; Phase ; Offset ; Edge List ; Edge Shift ; Inverted ; Master ; Source ; Targets   ;
+------------+------+--------+------------+-------+-------+------------+-----------+-------------+-------+--------+-----------+------------+----------+--------+--------+-----------+
; CLOCK      ; Base ; 1.000  ; 1000.0 MHz ; 0.000 ; 0.500 ;            ;           ;             ;       ;        ;           ;            ;          ;        ;        ; { CLOCK } ;
; S          ; Base ; 1.000  ; 1000.0 MHz ; 0.000 ; 0.500 ;            ;           ;             ;       ;        ;           ;            ;          ;        ;        ; { S }     ;
+------------+------+--------+------------+-------+-------+------------+-----------+-------------+-------+--------+-----------+------------+----------+--------+--------+-----------+


---------------------------
; Slow Model Fmax Summary ;
---------------------------
No paths to report.


+--------------------------------+
; Slow Model Setup Summary       ;
+-------+--------+---------------+
; Clock ; Slack  ; End Point TNS ;
+-------+--------+---------------+
; S     ; -1.537 ; -5.179        ;
; CLOCK ; -0.179 ; -0.211        ;
+-------+--------+---------------+


+-------------------------------+
; Slow Model Hold Summary       ;
+-------+-------+---------------+
; Clock ; Slack ; End Point TNS ;
+-------+-------+---------------+
; CLOCK ; 0.405 ; 0.000         ;
; S     ; 1.118 ; 0.000         ;
+-------+-------+---------------+


-------------------------------
; Slow Model Recovery Summary ;
-------------------------------
No paths to report.


------------------------------
; Slow Model Removal Summary ;
------------------------------
No paths to report.


+----------------------------------------+
; Slow Model Minimum Pulse Width Summary ;
+-------+--------+-----------------------+
; Clock ; Slack  ; End Point TNS         ;
+-------+--------+-----------------------+
; CLOCK ; -1.380 ; -5.380                ;
; S     ; -1.380 ; -1.380                ;
+-------+--------+-----------------------+


+------------------------------------------------------------------------------------------------------+
; Slow Model Setup: 'S'                                                                                ;
+--------+-----------+-----------+--------------+-------------+--------------+------------+------------+
; Slack  ; From Node ; To Node   ; Launch Clock ; Latch Clock ; Relationship ; Clock Skew ; Data Delay ;
+--------+-----------+-----------+--------------+-------------+--------------+------------+------------+
; -1.537 ; PS.S2     ; NS.S3_79  ; CLOCK        ; S           ; 0.500        ; 0.088      ; 0.706      ;
; -1.477 ; PS.S1     ; NS.S2_91  ; CLOCK        ; S           ; 0.500        ; 0.087      ; 0.706      ;
; -1.098 ; PS.S0     ; NS.S1_103 ; CLOCK        ; S           ; 0.500        ; 0.093      ; 0.713      ;
; -1.067 ; PS.S3     ; NS.S0_115 ; CLOCK        ; S           ; 0.500        ; 0.088      ; 0.713      ;
+--------+-----------+-----------+--------------+-------------+--------------+------------+------------+


+----------------------------------------------------------------------------------------------------+
; Slow Model Setup: 'CLOCK'                                                                          ;
+--------+-----------+---------+--------------+-------------+--------------+------------+------------+
; Slack  ; From Node ; To Node ; Launch Clock ; Latch Clock ; Relationship ; Clock Skew ; Data Delay ;
+--------+-----------+---------+--------------+-------------+--------------+------------+------------+
; -0.179 ; NS.S1_103 ; PS.S1   ; S            ; CLOCK       ; 0.500        ; -0.093     ; 0.622      ;
; -0.032 ; NS.S0_115 ; PS.S0   ; S            ; CLOCK       ; 0.500        ; -0.088     ; 0.480      ;
; 0.364  ; NS.S3_79  ; PS.S3   ; S            ; CLOCK       ; 0.500        ; -0.088     ; 0.084      ;
; 0.365  ; NS.S2_91  ; PS.S2   ; S            ; CLOCK       ; 0.500        ; -0.087     ; 0.084      ;
+--------+-----------+---------+--------------+-------------+--------------+------------+------------+


+---------------------------------------------------------------------------------------------------+
; Slow Model Hold: 'CLOCK'                                                                          ;
+-------+-----------+---------+--------------+-------------+--------------+------------+------------+
; Slack ; From Node ; To Node ; Launch Clock ; Latch Clock ; Relationship ; Clock Skew ; Data Delay ;
+-------+-----------+---------+--------------+-------------+--------------+------------+------------+
; 0.405 ; NS.S2_91  ; PS.S2   ; S            ; CLOCK       ; -0.500       ; -0.087     ; 0.084      ;
; 0.406 ; NS.S3_79  ; PS.S3   ; S            ; CLOCK       ; -0.500       ; -0.088     ; 0.084      ;
; 0.802 ; NS.S0_115 ; PS.S0   ; S            ; CLOCK       ; -0.500       ; -0.088     ; 0.480      ;
; 0.949 ; NS.S1_103 ; PS.S1   ; S            ; CLOCK       ; -0.500       ; -0.093     ; 0.622      ;
+-------+-----------+---------+--------------+-------------+--------------+------------+------------+


+-----------------------------------------------------------------------------------------------------+
; Slow Model Hold: 'S'                                                                                ;
+-------+-----------+-----------+--------------+-------------+--------------+------------+------------+
; Slack ; From Node ; To Node   ; Launch Clock ; Latch Clock ; Relationship ; Clock Skew ; Data Delay ;
+-------+-----------+-----------+--------------+-------------+--------------+------------+------------+
; 1.118 ; PS.S2     ; NS.S3_79  ; CLOCK        ; S           ; -0.500       ; 0.088      ; 0.706      ;
; 1.119 ; PS.S1     ; NS.S2_91  ; CLOCK        ; S           ; -0.500       ; 0.087      ; 0.706      ;
; 1.120 ; PS.S0     ; NS.S1_103 ; CLOCK        ; S           ; -0.500       ; 0.093      ; 0.713      ;
; 1.125 ; PS.S3     ; NS.S0_115 ; CLOCK        ; S           ; -0.500       ; 0.088      ; 0.713      ;
+-------+-----------+-----------+--------------+-------------+--------------+------------+------------+


+---------------------------------------------------------------------------------------------------------+
; Slow Model Minimum Pulse Width: 'CLOCK'                                                                 ;
+--------+--------------+----------------+------------------+-------+------------+------------------------+
; Slack  ; Actual Width ; Required Width ; Type             ; Clock ; Clock Edge ; Target                 ;
+--------+--------------+----------------+------------------+-------+------------+------------------------+
; -1.380 ; 1.000        ; 2.380          ; Port Rate        ; CLOCK ; Rise       ; CLOCK                  ;
; -0.500 ; 0.500        ; 1.000          ; High Pulse Width ; CLOCK ; Rise       ; PS.S0                  ;
; -0.500 ; 0.500        ; 1.000          ; Low Pulse Width  ; CLOCK ; Rise       ; PS.S0                  ;
; -0.500 ; 0.500        ; 1.000          ; High Pulse Width ; CLOCK ; Rise       ; PS.S1                  ;
; -0.500 ; 0.500        ; 1.000          ; Low Pulse Width  ; CLOCK ; Rise       ; PS.S1                  ;
; -0.500 ; 0.500        ; 1.000          ; High Pulse Width ; CLOCK ; Rise       ; PS.S2                  ;
; -0.500 ; 0.500        ; 1.000          ; Low Pulse Width  ; CLOCK ; Rise       ; PS.S2                  ;
; -0.500 ; 0.500        ; 1.000          ; High Pulse Width ; CLOCK ; Rise       ; PS.S3                  ;
; -0.500 ; 0.500        ; 1.000          ; Low Pulse Width  ; CLOCK ; Rise       ; PS.S3                  ;
; 0.500  ; 0.500        ; 0.000          ; High Pulse Width ; CLOCK ; Rise       ; CLOCK|combout          ;
; 0.500  ; 0.500        ; 0.000          ; Low Pulse Width  ; CLOCK ; Rise       ; CLOCK|combout          ;
; 0.500  ; 0.500        ; 0.000          ; High Pulse Width ; CLOCK ; Rise       ; CLOCK~clkctrl|inclk[0] ;
; 0.500  ; 0.500        ; 0.000          ; Low Pulse Width  ; CLOCK ; Rise       ; CLOCK~clkctrl|inclk[0] ;
; 0.500  ; 0.500        ; 0.000          ; High Pulse Width ; CLOCK ; Rise       ; CLOCK~clkctrl|outclk   ;
; 0.500  ; 0.500        ; 0.000          ; Low Pulse Width  ; CLOCK ; Rise       ; CLOCK~clkctrl|outclk   ;
; 0.500  ; 0.500        ; 0.000          ; High Pulse Width ; CLOCK ; Rise       ; PS.S0|clk              ;
; 0.500  ; 0.500        ; 0.000          ; Low Pulse Width  ; CLOCK ; Rise       ; PS.S0|clk              ;
; 0.500  ; 0.500        ; 0.000          ; High Pulse Width ; CLOCK ; Rise       ; PS.S1|clk              ;
; 0.500  ; 0.500        ; 0.000          ; Low Pulse Width  ; CLOCK ; Rise       ; PS.S1|clk              ;
; 0.500  ; 0.500        ; 0.000          ; High Pulse Width ; CLOCK ; Rise       ; PS.S2|clk              ;
; 0.500  ; 0.500        ; 0.000          ; Low Pulse Width  ; CLOCK ; Rise       ; PS.S2|clk              ;
; 0.500  ; 0.500        ; 0.000          ; High Pulse Width ; CLOCK ; Rise       ; PS.S3|clk              ;
; 0.500  ; 0.500        ; 0.000          ; Low Pulse Width  ; CLOCK ; Rise       ; PS.S3|clk              ;
+--------+--------------+----------------+------------------+-------+------------+------------------------+


+-----------------------------------------------------------------------------------------------------+
; Slow Model Minimum Pulse Width: 'S'                                                                 ;
+--------+--------------+----------------+------------------+-------+------------+--------------------+
; Slack  ; Actual Width ; Required Width ; Type             ; Clock ; Clock Edge ; Target             ;
+--------+--------------+----------------+------------------+-------+------------+--------------------+
; -1.380 ; 1.000        ; 2.380          ; Port Rate        ; S     ; Rise       ; S                  ;
; 0.500  ; 0.500        ; 0.000          ; High Pulse Width ; S     ; Fall       ; NS.S0_115          ;
; 0.500  ; 0.500        ; 0.000          ; Low Pulse Width  ; S     ; Fall       ; NS.S0_115          ;
; 0.500  ; 0.500        ; 0.000          ; High Pulse Width ; S     ; Rise       ; NS.S0_115|datac    ;
; 0.500  ; 0.500        ; 0.000          ; Low Pulse Width  ; S     ; Rise       ; NS.S0_115|datac    ;
; 0.500  ; 0.500        ; 0.000          ; High Pulse Width ; S     ; Fall       ; NS.S1_103          ;
; 0.500  ; 0.500        ; 0.000          ; Low Pulse Width  ; S     ; Fall       ; NS.S1_103          ;
; 0.500  ; 0.500        ; 0.000          ; High Pulse Width ; S     ; Rise       ; NS.S1_103|datac    ;
; 0.500  ; 0.500        ; 0.000          ; Low Pulse Width  ; S     ; Rise       ; NS.S1_103|datac    ;
; 0.500  ; 0.500        ; 0.000          ; High Pulse Width ; S     ; Fall       ; NS.S2_91           ;
; 0.500  ; 0.500        ; 0.000          ; Low Pulse Width  ; S     ; Fall       ; NS.S2_91           ;
; 0.500  ; 0.500        ; 0.000          ; High Pulse Width ; S     ; Rise       ; NS.S2_91|datac     ;
; 0.500  ; 0.500        ; 0.000          ; Low Pulse Width  ; S     ; Rise       ; NS.S2_91|datac     ;
; 0.500  ; 0.500        ; 0.000          ; High Pulse Width ; S     ; Fall       ; NS.S3_79           ;
; 0.500  ; 0.500        ; 0.000          ; Low Pulse Width  ; S     ; Fall       ; NS.S3_79           ;
; 0.500  ; 0.500        ; 0.000          ; High Pulse Width ; S     ; Rise       ; NS.S3_79|datac     ;
; 0.500  ; 0.500        ; 0.000          ; Low Pulse Width  ; S     ; Rise       ; NS.S3_79|datac     ;
; 0.500  ; 0.500        ; 0.000          ; High Pulse Width ; S     ; Rise       ; S|combout          ;
; 0.500  ; 0.500        ; 0.000          ; Low Pulse Width  ; S     ; Rise       ; S|combout          ;
; 0.500  ; 0.500        ; 0.000          ; High Pulse Width ; S     ; Rise       ; S~clkctrl|inclk[0] ;
; 0.500  ; 0.500        ; 0.000          ; Low Pulse Width  ; S     ; Rise       ; S~clkctrl|inclk[0] ;
; 0.500  ; 0.500        ; 0.000          ; High Pulse Width ; S     ; Rise       ; S~clkctrl|outclk   ;
; 0.500  ; 0.500        ; 0.000          ; Low Pulse Width  ; S     ; Rise       ; S~clkctrl|outclk   ;
+--------+--------------+----------------+------------------+-------+------------+--------------------+


+-----------------------------------------------------------------------+
; Clock to Output Times                                                 ;
+-----------+------------+-------+-------+------------+-----------------+
; Data Port ; Clock Port ; Rise  ; Fall  ; Clock Edge ; Clock Reference ;
+-----------+------------+-------+-------+------------+-----------------+
; Q         ; CLOCK      ; 7.689 ; 7.689 ; Rise       ; CLOCK           ;
+-----------+------------+-------+-------+------------+-----------------+


+-----------------------------------------------------------------------+
; Minimum Clock to Output Times                                         ;
+-----------+------------+-------+-------+------------+-----------------+
; Data Port ; Clock Port ; Rise  ; Fall  ; Clock Edge ; Clock Reference ;
+-----------+------------+-------+-------+------------+-----------------+
; Q         ; CLOCK      ; 7.003 ; 7.003 ; Rise       ; CLOCK           ;
+-----------+------------+-------+-------+------------+-----------------+


+----------------------------------------------------+
; Propagation Delay                                  ;
+------------+-------------+-------+----+----+-------+
; Input Port ; Output Port ; RR    ; RF ; FR ; FF    ;
+------------+-------------+-------+----+----+-------+
; A          ; Q           ; 9.163 ;    ;    ; 9.163 ;
; B          ; Q           ; 9.808 ;    ;    ; 9.808 ;
; C          ; Q           ; 9.429 ;    ;    ; 9.429 ;
; D          ; Q           ; 9.100 ;    ;    ; 9.100 ;
+------------+-------------+-------+----+----+-------+


+----------------------------------------------------+
; Minimum Propagation Delay                          ;
+------------+-------------+-------+----+----+-------+
; Input Port ; Output Port ; RR    ; RF ; FR ; FF    ;
+------------+-------------+-------+----+----+-------+
; A          ; Q           ; 9.163 ;    ;    ; 9.163 ;
; B          ; Q           ; 9.808 ;    ;    ; 9.808 ;
; C          ; Q           ; 9.429 ;    ;    ; 9.429 ;
; D          ; Q           ; 9.100 ;    ;    ; 9.100 ;
+------------+-------------+-------+----+----+-------+


+--------------------------------+
; Fast Model Setup Summary       ;
+-------+--------+---------------+
; Clock ; Slack  ; End Point TNS ;
+-------+--------+---------------+
; S     ; -0.492 ; -1.550        ;
; CLOCK ; 0.280  ; 0.000         ;
+-------+--------+---------------+


+-------------------------------+
; Fast Model Hold Summary       ;
+-------+-------+---------------+
; Clock ; Slack ; End Point TNS ;
+-------+-------+---------------+
; CLOCK ; 0.347 ; 0.000         ;
; S     ; 0.892 ; 0.000         ;
+-------+-------+---------------+


-------------------------------
; Fast Model Recovery Summary ;
-------------------------------
No paths to report.


------------------------------
; Fast Model Removal Summary ;
------------------------------
No paths to report.


+----------------------------------------+
; Fast Model Minimum Pulse Width Summary ;
+-------+--------+-----------------------+
; Clock ; Slack  ; End Point TNS         ;
+-------+--------+-----------------------+
; CLOCK ; -1.380 ; -5.380                ;
; S     ; -1.380 ; -1.380                ;
+-------+--------+-----------------------+


+------------------------------------------------------------------------------------------------------+
; Fast Model Setup: 'S'                                                                                ;
+--------+-----------+-----------+--------------+-------------+--------------+------------+------------+
; Slack  ; From Node ; To Node   ; Launch Clock ; Latch Clock ; Relationship ; Clock Skew ; Data Delay ;
+--------+-----------+-----------+--------------+-------------+--------------+------------+------------+
; -0.492 ; PS.S2     ; NS.S3_79  ; CLOCK        ; S           ; 0.500        ; -0.043     ; 0.349      ;
; -0.469 ; PS.S1     ; NS.S2_91  ; CLOCK        ; S           ; 0.500        ; -0.043     ; 0.352      ;
; -0.303 ; PS.S0     ; NS.S1_103 ; CLOCK        ; S           ; 0.500        ; -0.042     ; 0.354      ;
; -0.286 ; PS.S3     ; NS.S0_115 ; CLOCK        ; S           ; 0.500        ; -0.043     ; 0.354      ;
+--------+-----------+-----------+--------------+-------------+--------------+------------+------------+


+---------------------------------------------------------------------------------------------------+
; Fast Model Setup: 'CLOCK'                                                                         ;
+-------+-----------+---------+--------------+-------------+--------------+------------+------------+
; Slack ; From Node ; To Node ; Launch Clock ; Latch Clock ; Relationship ; Clock Skew ; Data Delay ;
+-------+-----------+---------+--------------+-------------+--------------+------------+------------+
; 0.280 ; NS.S1_103 ; PS.S1   ; S            ; CLOCK       ; 0.500        ; 0.042      ; 0.294      ;
; 0.348 ; NS.S0_115 ; PS.S0   ; S            ; CLOCK       ; 0.500        ; 0.043      ; 0.227      ;
; 0.533 ; NS.S3_79  ; PS.S3   ; S            ; CLOCK       ; 0.500        ; 0.043      ; 0.042      ;
; 0.533 ; NS.S2_91  ; PS.S2   ; S            ; CLOCK       ; 0.500        ; 0.043      ; 0.042      ;
+-------+-----------+---------+--------------+-------------+--------------+------------+------------+


+---------------------------------------------------------------------------------------------------+
; Fast Model Hold: 'CLOCK'                                                                          ;
+-------+-----------+---------+--------------+-------------+--------------+------------+------------+
; Slack ; From Node ; To Node ; Launch Clock ; Latch Clock ; Relationship ; Clock Skew ; Data Delay ;
+-------+-----------+---------+--------------+-------------+--------------+------------+------------+
; 0.347 ; NS.S3_79  ; PS.S3   ; S            ; CLOCK       ; -0.500       ; 0.043      ; 0.042      ;
; 0.347 ; NS.S2_91  ; PS.S2   ; S            ; CLOCK       ; -0.500       ; 0.043      ; 0.042      ;
; 0.532 ; NS.S0_115 ; PS.S0   ; S            ; CLOCK       ; -0.500       ; 0.043      ; 0.227      ;
; 0.600 ; NS.S1_103 ; PS.S1   ; S            ; CLOCK       ; -0.500       ; 0.042      ; 0.294      ;
+-------+-----------+---------+--------------+-------------+--------------+------------+------------+


+-----------------------------------------------------------------------------------------------------+
; Fast Model Hold: 'S'                                                                                ;
+-------+-----------+-----------+--------------+-------------+--------------+------------+------------+
; Slack ; From Node ; To Node   ; Launch Clock ; Latch Clock ; Relationship ; Clock Skew ; Data Delay ;
+-------+-----------+-----------+--------------+-------------+--------------+------------+------------+
; 0.892 ; PS.S2     ; NS.S3_79  ; CLOCK        ; S           ; -0.500       ; -0.043     ; 0.349      ;
; 0.895 ; PS.S1     ; NS.S2_91  ; CLOCK        ; S           ; -0.500       ; -0.043     ; 0.352      ;
; 0.896 ; PS.S0     ; NS.S1_103 ; CLOCK        ; S           ; -0.500       ; -0.042     ; 0.354      ;
; 0.897 ; PS.S3     ; NS.S0_115 ; CLOCK        ; S           ; -0.500       ; -0.043     ; 0.354      ;
+-------+-----------+-----------+--------------+-------------+--------------+------------+------------+


+---------------------------------------------------------------------------------------------------------+
; Fast Model Minimum Pulse Width: 'CLOCK'                                                                 ;
+--------+--------------+----------------+------------------+-------+------------+------------------------+
; Slack  ; Actual Width ; Required Width ; Type             ; Clock ; Clock Edge ; Target                 ;
+--------+--------------+----------------+------------------+-------+------------+------------------------+
; -1.380 ; 1.000        ; 2.380          ; Port Rate        ; CLOCK ; Rise       ; CLOCK                  ;
; -0.500 ; 0.500        ; 1.000          ; High Pulse Width ; CLOCK ; Rise       ; PS.S0                  ;
; -0.500 ; 0.500        ; 1.000          ; Low Pulse Width  ; CLOCK ; Rise       ; PS.S0                  ;
; -0.500 ; 0.500        ; 1.000          ; High Pulse Width ; CLOCK ; Rise       ; PS.S1                  ;
; -0.500 ; 0.500        ; 1.000          ; Low Pulse Width  ; CLOCK ; Rise       ; PS.S1                  ;
; -0.500 ; 0.500        ; 1.000          ; High Pulse Width ; CLOCK ; Rise       ; PS.S2                  ;
; -0.500 ; 0.500        ; 1.000          ; Low Pulse Width  ; CLOCK ; Rise       ; PS.S2                  ;
; -0.500 ; 0.500        ; 1.000          ; High Pulse Width ; CLOCK ; Rise       ; PS.S3                  ;
; -0.500 ; 0.500        ; 1.000          ; Low Pulse Width  ; CLOCK ; Rise       ; PS.S3                  ;
; 0.500  ; 0.500        ; 0.000          ; High Pulse Width ; CLOCK ; Rise       ; CLOCK|combout          ;
; 0.500  ; 0.500        ; 0.000          ; Low Pulse Width  ; CLOCK ; Rise       ; CLOCK|combout          ;
; 0.500  ; 0.500        ; 0.000          ; High Pulse Width ; CLOCK ; Rise       ; CLOCK~clkctrl|inclk[0] ;
; 0.500  ; 0.500        ; 0.000          ; Low Pulse Width  ; CLOCK ; Rise       ; CLOCK~clkctrl|inclk[0] ;
; 0.500  ; 0.500        ; 0.000          ; High Pulse Width ; CLOCK ; Rise       ; CLOCK~clkctrl|outclk   ;
; 0.500  ; 0.500        ; 0.000          ; Low Pulse Width  ; CLOCK ; Rise       ; CLOCK~clkctrl|outclk   ;
; 0.500  ; 0.500        ; 0.000          ; High Pulse Width ; CLOCK ; Rise       ; PS.S0|clk              ;
; 0.500  ; 0.500        ; 0.000          ; Low Pulse Width  ; CLOCK ; Rise       ; PS.S0|clk              ;
; 0.500  ; 0.500        ; 0.000          ; High Pulse Width ; CLOCK ; Rise       ; PS.S1|clk              ;
; 0.500  ; 0.500        ; 0.000          ; Low Pulse Width  ; CLOCK ; Rise       ; PS.S1|clk              ;
; 0.500  ; 0.500        ; 0.000          ; High Pulse Width ; CLOCK ; Rise       ; PS.S2|clk              ;
; 0.500  ; 0.500        ; 0.000          ; Low Pulse Width  ; CLOCK ; Rise       ; PS.S2|clk              ;
; 0.500  ; 0.500        ; 0.000          ; High Pulse Width ; CLOCK ; Rise       ; PS.S3|clk              ;
; 0.500  ; 0.500        ; 0.000          ; Low Pulse Width  ; CLOCK ; Rise       ; PS.S3|clk              ;
+--------+--------------+----------------+------------------+-------+------------+------------------------+


+-----------------------------------------------------------------------------------------------------+
; Fast Model Minimum Pulse Width: 'S'                                                                 ;
+--------+--------------+----------------+------------------+-------+------------+--------------------+
; Slack  ; Actual Width ; Required Width ; Type             ; Clock ; Clock Edge ; Target             ;
+--------+--------------+----------------+------------------+-------+------------+--------------------+
; -1.380 ; 1.000        ; 2.380          ; Port Rate        ; S     ; Rise       ; S                  ;
; 0.500  ; 0.500        ; 0.000          ; High Pulse Width ; S     ; Fall       ; NS.S0_115          ;
; 0.500  ; 0.500        ; 0.000          ; Low Pulse Width  ; S     ; Fall       ; NS.S0_115          ;
; 0.500  ; 0.500        ; 0.000          ; High Pulse Width ; S     ; Rise       ; NS.S0_115|datac    ;
; 0.500  ; 0.500        ; 0.000          ; Low Pulse Width  ; S     ; Rise       ; NS.S0_115|datac    ;
; 0.500  ; 0.500        ; 0.000          ; High Pulse Width ; S     ; Fall       ; NS.S1_103          ;
; 0.500  ; 0.500        ; 0.000          ; Low Pulse Width  ; S     ; Fall       ; NS.S1_103          ;
; 0.500  ; 0.500        ; 0.000          ; High Pulse Width ; S     ; Rise       ; NS.S1_103|datac    ;
; 0.500  ; 0.500        ; 0.000          ; Low Pulse Width  ; S     ; Rise       ; NS.S1_103|datac    ;
; 0.500  ; 0.500        ; 0.000          ; High Pulse Width ; S     ; Fall       ; NS.S2_91           ;
; 0.500  ; 0.500        ; 0.000          ; Low Pulse Width  ; S     ; Fall       ; NS.S2_91           ;
; 0.500  ; 0.500        ; 0.000          ; High Pulse Width ; S     ; Rise       ; NS.S2_91|datac     ;
; 0.500  ; 0.500        ; 0.000          ; Low Pulse Width  ; S     ; Rise       ; NS.S2_91|datac     ;
; 0.500  ; 0.500        ; 0.000          ; High Pulse Width ; S     ; Fall       ; NS.S3_79           ;
; 0.500  ; 0.500        ; 0.000          ; Low Pulse Width  ; S     ; Fall       ; NS.S3_79           ;
; 0.500  ; 0.500        ; 0.000          ; High Pulse Width ; S     ; Rise       ; NS.S3_79|datac     ;
; 0.500  ; 0.500        ; 0.000          ; Low Pulse Width  ; S     ; Rise       ; NS.S3_79|datac     ;
; 0.500  ; 0.500        ; 0.000          ; High Pulse Width ; S     ; Rise       ; S|combout          ;
; 0.500  ; 0.500        ; 0.000          ; Low Pulse Width  ; S     ; Rise       ; S|combout          ;
; 0.500  ; 0.500        ; 0.000          ; High Pulse Width ; S     ; Rise       ; S~clkctrl|inclk[0] ;
; 0.500  ; 0.500        ; 0.000          ; Low Pulse Width  ; S     ; Rise       ; S~clkctrl|inclk[0] ;
; 0.500  ; 0.500        ; 0.000          ; High Pulse Width ; S     ; Rise       ; S~clkctrl|outclk   ;
; 0.500  ; 0.500        ; 0.000          ; Low Pulse Width  ; S     ; Rise       ; S~clkctrl|outclk   ;
+--------+--------------+----------------+------------------+-------+------------+--------------------+


+-----------------------------------------------------------------------+
; Clock to Output Times                                                 ;
+-----------+------------+-------+-------+------------+-----------------+
; Data Port ; Clock Port ; Rise  ; Fall  ; Clock Edge ; Clock Reference ;
+-----------+------------+-------+-------+------------+-----------------+
; Q         ; CLOCK      ; 4.133 ; 4.133 ; Rise       ; CLOCK           ;
+-----------+------------+-------+-------+------------+-----------------+


+-----------------------------------------------------------------------+
; Minimum Clock to Output Times                                         ;
+-----------+------------+-------+-------+------------+-----------------+
; Data Port ; Clock Port ; Rise  ; Fall  ; Clock Edge ; Clock Reference ;
+-----------+------------+-------+-------+------------+-----------------+
; Q         ; CLOCK      ; 3.875 ; 3.875 ; Rise       ; CLOCK           ;
+-----------+------------+-------+-------+------------+-----------------+


+----------------------------------------------------+
; Propagation Delay                                  ;
+------------+-------------+-------+----+----+-------+
; Input Port ; Output Port ; RR    ; RF ; FR ; FF    ;
+------------+-------------+-------+----+----+-------+
; A          ; Q           ; 5.105 ;    ;    ; 5.105 ;
; B          ; Q           ; 5.399 ;    ;    ; 5.399 ;
; C          ; Q           ; 5.207 ;    ;    ; 5.207 ;
; D          ; Q           ; 5.059 ;    ;    ; 5.059 ;
+------------+-------------+-------+----+----+-------+


+----------------------------------------------------+
; Minimum Propagation Delay                          ;
+------------+-------------+-------+----+----+-------+
; Input Port ; Output Port ; RR    ; RF ; FR ; FF    ;
+------------+-------------+-------+----+----+-------+
; A          ; Q           ; 5.105 ;    ;    ; 5.105 ;
; B          ; Q           ; 5.399 ;    ;    ; 5.399 ;
; C          ; Q           ; 5.207 ;    ;    ; 5.207 ;
; D          ; Q           ; 5.059 ;    ;    ; 5.059 ;
+------------+-------------+-------+----+----+-------+


+------------------------------------------------------------------------------+
; Multicorner Timing Analysis Summary                                          ;
+------------------+--------+-------+----------+---------+---------------------+
; Clock            ; Setup  ; Hold  ; Recovery ; Removal ; Minimum Pulse Width ;
+------------------+--------+-------+----------+---------+---------------------+
; Worst-case Slack ; -1.537 ; 0.347 ; N/A      ; N/A     ; -1.380              ;
;  CLOCK           ; -0.179 ; 0.347 ; N/A      ; N/A     ; -1.380              ;
;  S               ; -1.537 ; 0.892 ; N/A      ; N/A     ; -1.380              ;
; Design-wide TNS  ; -5.39  ; 0.0   ; 0.0      ; 0.0     ; -6.76               ;
;  CLOCK           ; -0.211 ; 0.000 ; N/A      ; N/A     ; -5.380              ;
;  S               ; -5.179 ; 0.000 ; N/A      ; N/A     ; -1.380              ;
+------------------+--------+-------+----------+---------+---------------------+


+-----------------------------------------------------------------------+
; Clock to Output Times                                                 ;
+-----------+------------+-------+-------+------------+-----------------+
; Data Port ; Clock Port ; Rise  ; Fall  ; Clock Edge ; Clock Reference ;
+-----------+------------+-------+-------+------------+-----------------+
; Q         ; CLOCK      ; 7.689 ; 7.689 ; Rise       ; CLOCK           ;
+-----------+------------+-------+-------+------------+-----------------+


+-----------------------------------------------------------------------+
; Minimum Clock to Output Times                                         ;
+-----------+------------+-------+-------+------------+-----------------+
; Data Port ; Clock Port ; Rise  ; Fall  ; Clock Edge ; Clock Reference ;
+-----------+------------+-------+-------+------------+-----------------+
; Q         ; CLOCK      ; 3.875 ; 3.875 ; Rise       ; CLOCK           ;
+-----------+------------+-------+-------+------------+-----------------+


+----------------------------------------------------+
; Progagation Delay                                  ;
+------------+-------------+-------+----+----+-------+
; Input Port ; Output Port ; RR    ; RF ; FR ; FF    ;
+------------+-------------+-------+----+----+-------+
; A          ; Q           ; 9.163 ;    ;    ; 9.163 ;
; B          ; Q           ; 9.808 ;    ;    ; 9.808 ;
; C          ; Q           ; 9.429 ;    ;    ; 9.429 ;
; D          ; Q           ; 9.100 ;    ;    ; 9.100 ;
+------------+-------------+-------+----+----+-------+


+----------------------------------------------------+
; Minimum Progagation Delay                          ;
+------------+-------------+-------+----+----+-------+
; Input Port ; Output Port ; RR    ; RF ; FR ; FF    ;
+------------+-------------+-------+----+----+-------+
; A          ; Q           ; 5.105 ;    ;    ; 5.105 ;
; B          ; Q           ; 5.399 ;    ;    ; 5.399 ;
; C          ; Q           ; 5.207 ;    ;    ; 5.207 ;
; D          ; Q           ; 5.059 ;    ;    ; 5.059 ;
+------------+-------------+-------+----+----+-------+


+-------------------------------------------------------------------+
; Setup Transfers                                                   ;
+------------+----------+----------+----------+----------+----------+
; From Clock ; To Clock ; RR Paths ; FR Paths ; RF Paths ; FF Paths ;
+------------+----------+----------+----------+----------+----------+
; S          ; CLOCK    ; 0        ; 4        ; 0        ; 0        ;
; CLOCK      ; S        ; 0        ; 0        ; 4        ; 0        ;
+------------+----------+----------+----------+----------+----------+
Entries labeled "false path" only account for clock-to-clock false paths and not path-based false paths. As a result, actual path counts may be lower than reported.


+-------------------------------------------------------------------+
; Hold Transfers                                                    ;
+------------+----------+----------+----------+----------+----------+
; From Clock ; To Clock ; RR Paths ; FR Paths ; RF Paths ; FF Paths ;
+------------+----------+----------+----------+----------+----------+
; S          ; CLOCK    ; 0        ; 4        ; 0        ; 0        ;
; CLOCK      ; S        ; 0        ; 0        ; 4        ; 0        ;
+------------+----------+----------+----------+----------+----------+
Entries labeled "false path" only account for clock-to-clock false paths and not path-based false paths. As a result, actual path counts may be lower than reported.


---------------
; Report TCCS ;
---------------
No dedicated SERDES Transmitter circuitry present in device or used in design


---------------
; Report RSKM ;
---------------
No dedicated SERDES Receiver circuitry present in device or used in design


+------------------------------------------------+
; Unconstrained Paths                            ;
+---------------------------------+-------+------+
; Property                        ; Setup ; Hold ;
+---------------------------------+-------+------+
; Illegal Clocks                  ; 0     ; 0    ;
; Unconstrained Clocks            ; 0     ; 0    ;
; Unconstrained Input Ports       ; 5     ; 5    ;
; Unconstrained Input Port Paths  ; 8     ; 8    ;
; Unconstrained Output Ports      ; 1     ; 1    ;
; Unconstrained Output Port Paths ; 8     ; 8    ;
+---------------------------------+-------+------+


+------------------------------------+
; TimeQuest Timing Analyzer Messages ;
+------------------------------------+
Info: *******************************************************************
Info: Running Quartus II 32-bit TimeQuest Timing Analyzer
    Info: Version 13.0.1 Build 232 06/12/2013 Service Pack 1 SJ Web Edition
    Info: Processing started: Mon Sep 25 20:58:53 2023
Info: Command: quartus_sta pseudo_mux -c pseudo_mux
Info: qsta_default_script.tcl version: #1
Warning (20028): Parallel compilation is not licensed and has been disabled
Info (21077): Low junction temperature is 0 degrees C
Info (21077): High junction temperature is 85 degrees C
Warning (335093): TimeQuest Timing Analyzer is analyzing 4 combinational loops as latches.
Critical Warning (332012): Synopsys Design Constraints File file not found: 'pseudo_mux.sdc'. A Synopsys Design Constraints File is required by the TimeQuest Timing Analyzer to get proper timing constraints. Without it, the Compiler will not properly optimize the design.
Info (332142): No user constrained base clocks found in the design. Calling "derive_clocks -period 1.0"
Info (332105): Deriving Clocks
    Info (332105): create_clock -period 1.000 -name CLOCK CLOCK
    Info (332105): create_clock -period 1.000 -name S S
Info: Found TIMEQUEST_REPORT_SCRIPT_INCLUDE_DEFAULT_ANALYSIS = ON
Info: Analyzing Slow Model
Info (332140): No fmax paths to report
Critical Warning (332148): Timing requirements not met
Info (332146): Worst-case setup slack is -1.537
    Info (332119):     Slack End Point TNS Clock 
    Info (332119): ========= ============= =====================
    Info (332119):    -1.537        -5.179 S 
    Info (332119):    -0.179        -0.211 CLOCK 
Info (332146): Worst-case hold slack is 0.405
    Info (332119):     Slack End Point TNS Clock 
    Info (332119): ========= ============= =====================
    Info (332119):     0.405         0.000 CLOCK 
    Info (332119):     1.118         0.000 S 
Info (332140): No Recovery paths to report
Info (332140): No Removal paths to report
Info (332146): Worst-case minimum pulse width slack is -1.380
    Info (332119):     Slack End Point TNS Clock 
    Info (332119): ========= ============= =====================
    Info (332119):    -1.380        -5.380 CLOCK 
    Info (332119):    -1.380        -1.380 S 
Info (332001): The selected device family is not supported by the report_metastability command.
Info: Analyzing Fast Model
Critical Warning (332148): Timing requirements not met
Info (332146): Worst-case setup slack is -0.492
    Info (332119):     Slack End Point TNS Clock 
    Info (332119): ========= ============= =====================
    Info (332119):    -0.492        -1.550 S 
    Info (332119):     0.280         0.000 CLOCK 
Info (332146): Worst-case hold slack is 0.347
    Info (332119):     Slack End Point TNS Clock 
    Info (332119): ========= ============= =====================
    Info (332119):     0.347         0.000 CLOCK 
    Info (332119):     0.892         0.000 S 
Info (332140): No Recovery paths to report
Info (332140): No Removal paths to report
Info (332146): Worst-case minimum pulse width slack is -1.380
    Info (332119):     Slack End Point TNS Clock 
    Info (332119): ========= ============= =====================
    Info (332119):    -1.380        -5.380 CLOCK 
    Info (332119):    -1.380        -1.380 S 
Info (332001): The selected device family is not supported by the report_metastability command.
Info (332102): Design is not fully constrained for setup requirements
Info (332102): Design is not fully constrained for hold requirements
Info: Quartus II 32-bit TimeQuest Timing Analyzer was successful. 0 errors, 5 warnings
    Info: Peak virtual memory: 321 megabytes
    Info: Processing ended: Mon Sep 25 20:58:54 2023
    Info: Elapsed time: 00:00:01
    Info: Total CPU time (on all processors): 00:00:00


